{"/Users/ore/Documents/Projects/devjobs-server/__test__/config/database.js": {"path":"/Users/ore/Documents/Projects/devjobs-server/__test__/config/database.js","statementMap":{"0":{"start":{"line":1,"column":17},"end":{"line":1,"column":36}},"1":{"start":{"line":2,"column":30},"end":{"line":2,"column":62}},"2":{"start":{"line":6,"column":13},"end":{"line":9,"column":1}},"3":{"start":{"line":12,"column":16},"end":{"line":24,"column":1}},"4":{"start":{"line":14,"column":2},"end":{"line":14,"column":30}},"5":{"start":{"line":16,"column":2},"end":{"line":16,"column":49}},"6":{"start":{"line":18,"column":19},"end":{"line":18,"column":45}},"7":{"start":{"line":19,"column":2},"end":{"line":23,"column":5}},"8":{"start":{"line":20,"column":4},"end":{"line":22,"column":5}},"9":{"start":{"line":21,"column":6},"end":{"line":21,"column":25}},"10":{"start":{"line":27,"column":14},"end":{"line":30,"column":1}},"11":{"start":{"line":28,"column":2},"end":{"line":28,"column":30}},"12":{"start":{"line":29,"column":2},"end":{"line":29,"column":27}},"13":{"start":{"line":33,"column":14},"end":{"line":39,"column":1}},"14":{"start":{"line":34,"column":22},"end":{"line":34,"column":53}},"15":{"start":{"line":36,"column":2},"end":{"line":38,"column":3}},"16":{"start":{"line":37,"column":4},"end":{"line":37,"column":40}},"17":{"start":{"line":41,"column":0},"end":{"line":45,"column":2}}},"fnMap":{"0":{"name":"(anonymous_0)","decl":{"start":{"line":12,"column":16},"end":{"line":12,"column":17}},"loc":{"start":{"line":12,"column":28},"end":{"line":24,"column":1}},"line":12},"1":{"name":"(anonymous_1)","decl":{"start":{"line":19,"column":41},"end":{"line":19,"column":42}},"loc":{"start":{"line":19,"column":50},"end":{"line":23,"column":3}},"line":19},"2":{"name":"(anonymous_2)","decl":{"start":{"line":27,"column":14},"end":{"line":27,"column":15}},"loc":{"start":{"line":27,"column":26},"end":{"line":30,"column":1}},"line":27},"3":{"name":"(anonymous_3)","decl":{"start":{"line":33,"column":14},"end":{"line":33,"column":15}},"loc":{"start":{"line":33,"column":26},"end":{"line":39,"column":1}},"line":33}},"branchMap":{"0":{"loc":{"start":{"line":20,"column":4},"end":{"line":22,"column":5}},"type":"if","locations":[{"start":{"line":20,"column":4},"end":{"line":22,"column":5}},{"start":{},"end":{}}],"line":20}},"s":{"0":1,"1":1,"2":1,"3":1,"4":1,"5":1,"6":1,"7":1,"8":1,"9":0,"10":1,"11":1,"12":1,"13":1,"14":0,"15":0,"16":0,"17":1},"f":{"0":1,"1":1,"2":1,"3":0},"b":{"0":[0,1]},"_coverageSchema":"1a1c01bbd47fc00a2c39e90264f33305004495a9","hash":"a642882956e1fa19dcc2cf57a7980ffc2c0fcb14"}
,"/Users/ore/Documents/Projects/devjobs-server/src/index.ts": {"path":"/Users/ore/Documents/Projects/devjobs-server/src/index.ts","statementMap":{"0":{"start":{"line":1,"column":0},"end":{"line":1,"column":62}},"1":{"start":{"line":2,"column":15},"end":{"line":2,"column":32}},"2":{"start":{"line":3,"column":17},"end":{"line":3,"column":36}},"3":{"start":{"line":4,"column":0},"end":{"line":4,"column":16}},"4":{"start":{"line":6,"column":21},"end":{"line":6,"column":30}},"5":{"start":{"line":7,"column":13},"end":{"line":7,"column":29}},"6":{"start":{"line":8,"column":14},"end":{"line":8,"column":37}},"7":{"start":{"line":9,"column":16},"end":{"line":9,"column":36}},"8":{"start":{"line":12,"column":0},"end":{"line":19,"column":3}},"9":{"start":{"line":13,"column":2},"end":{"line":13,"column":49}},"10":{"start":{"line":14,"column":2},"end":{"line":17,"column":4}},"11":{"start":{"line":18,"column":2},"end":{"line":18,"column":9}},"12":{"start":{"line":22,"column":0},"end":{"line":22,"column":24}},"13":{"start":{"line":23,"column":0},"end":{"line":23,"column":48}},"14":{"start":{"line":26,"column":19},"end":{"line":26,"column":43}},"15":{"start":{"line":27,"column":0},"end":{"line":27,"column":41}},"16":{"start":{"line":30,"column":0},"end":{"line":48,"column":null}},"17":{"start":{"line":31,"column":2},"end":{"line":45,"column":7}},"18":{"start":{"line":32,"column":4},"end":{"line":45,"column":7}},"19":{"start":{"line":33,"column":6},"end":{"line":33,"column":66}},"20":{"start":{"line":35,"column":6},"end":{"line":35,"column":43}},"21":{"start":{"line":37,"column":6},"end":{"line":44,"column":null}},"22":{"start":{"line":38,"column":8},"end":{"line":43,"column":11}},"23":{"start":{"line":39,"column":10},"end":{"line":41,"column":null}},"24":{"start":{"line":40,"column":12},"end":{"line":40,"column":50}},"25":{"start":{"line":42,"column":10},"end":{"line":42,"column":47}},"26":{"start":{"line":47,"column":2},"end":{"line":47,"column":51}},"27":{"start":{"line":50,"column":0},"end":{"line":50,"column":21}}},"fnMap":{"0":{"name":"(anonymous_1)","decl":{"start":{"line":12,"column":8},"end":{"line":12,"column":9}},"loc":{"start":{"line":12,"column":27},"end":{"line":19,"column":1}}},"1":{"name":"(anonymous_2)","decl":{"start":{"line":32,"column":21},"end":{"line":32,"column":30}},"loc":{"start":{"line":32,"column":32},"end":{"line":45,"column":5}}},"2":{"name":"(anonymous_3)","decl":{"start":{"line":38,"column":32},"end":{"line":38,"column":33}},"loc":{"start":{"line":38,"column":45},"end":{"line":43,"column":9}}}},"branchMap":{"0":{"loc":{"start":{"line":31,"column":2},"end":{"line":45,"column":7}},"type":"if","locations":[{"start":{"line":31,"column":2},"end":{"line":45,"column":7}}]},"1":{"loc":{"start":{"line":37,"column":6},"end":{"line":44,"column":null}},"type":"if","locations":[{"start":{"line":37,"column":6},"end":{"line":44,"column":null}}]},"2":{"loc":{"start":{"line":39,"column":10},"end":{"line":41,"column":null}},"type":"if","locations":[{"start":{"line":39,"column":10},"end":{"line":41,"column":null}}]}},"s":{"0":1,"1":1,"2":1,"3":1,"4":1,"5":1,"6":1,"7":1,"8":1,"9":6,"10":6,"11":6,"12":1,"13":1,"14":1,"15":1,"16":1,"17":1,"18":0,"19":0,"20":0,"21":0,"22":0,"23":0,"24":0,"25":0,"26":0,"27":1},"f":{"0":6,"1":0,"2":0},"b":{"0":[0],"1":[0],"2":[0]}}
,"/Users/ore/Documents/Projects/devjobs-server/src/models/user.tsx": {"path":"/Users/ore/Documents/Projects/devjobs-server/src/models/user.tsx","statementMap":{"0":{"start":{"line":1,"column":21},"end":{"line":1,"column":40}},"1":{"start":{"line":2,"column":19},"end":{"line":2,"column":27}},"2":{"start":{"line":4,"column":19},"end":{"line":15,"column":null}},"3":{"start":{"line":18,"column":13},"end":{"line":18,"column":47}},"4":{"start":{"line":19,"column":0},"end":{"line":19,"column":26}}},"fnMap":{},"branchMap":{},"s":{"0":1,"1":1,"2":1,"3":1,"4":1},"f":{},"b":{}}
,"/Users/ore/Documents/Projects/devjobs-server/src/routes/user.tsx": {"path":"/Users/ore/Documents/Projects/devjobs-server/src/routes/user.tsx","statementMap":{"0":{"start":{"line":1,"column":0},"end":{"line":1,"column":53}},"1":{"start":{"line":2,"column":15},"end":{"line":2,"column":31}},"2":{"start":{"line":8,"column":4},"end":{"line":8,"column":31}},"3":{"start":{"line":10,"column":0},"end":{"line":46,"column":3}},"4":{"start":{"line":10,"column":61},"end":{"line":46,"column":2}},"5":{"start":{"line":11,"column":2},"end":{"line":45,"column":null}},"6":{"start":{"line":18,"column":4},"end":{"line":20,"column":74}},"7":{"start":{"line":30,"column":8},"end":{"line":30,"column":16}},"8":{"start":{"line":32,"column":17},"end":{"line":39,"column":null}},"9":{"start":{"line":41,"column":4},"end":{"line":44,"column":7}},"10":{"start":{"line":48,"column":0},"end":{"line":65,"column":3}},"11":{"start":{"line":48,"column":78},"end":{"line":65,"column":2}},"12":{"start":{"line":49,"column":2},"end":{"line":64,"column":null}},"13":{"start":{"line":53,"column":4},"end":{"line":55,"column":74}},"14":{"start":{"line":57,"column":32},"end":{"line":57,"column":40}},"15":{"start":{"line":58,"column":17},"end":{"line":58,"column":56}},"16":{"start":{"line":60,"column":4},"end":{"line":63,"column":7}},"17":{"start":{"line":67,"column":0},"end":{"line":78,"column":2}},"18":{"start":{"line":69,"column":59},"end":{"line":77,"column":null}},"19":{"start":{"line":70,"column":19},"end":{"line":70,"column":29}},"20":{"start":{"line":72,"column":17},"end":{"line":72,"column":38}},"21":{"start":{"line":73,"column":4},"end":{"line":76,"column":7}},"22":{"start":{"line":80,"column":0},"end":{"line":91,"column":2}},"23":{"start":{"line":82,"column":59},"end":{"line":90,"column":null}},"24":{"start":{"line":83,"column":19},"end":{"line":83,"column":29}},"25":{"start":{"line":84,"column":28},"end":{"line":84,"column":48}},"26":{"start":{"line":85,"column":4},"end":{"line":89,"column":7}},"27":{"start":{"line":93,"column":0},"end":{"line":93,"column":24}}},"fnMap":{"0":{"name":"(anonymous_8)","decl":{"start":{"line":10,"column":23},"end":{"line":10,"column":30}},"loc":{"start":{"line":10,"column":61},"end":{"line":46,"column":2}}},"1":{"name":"(anonymous_9)","decl":{"start":{"line":10,"column":61},"end":{"line":10,"column":null}},"loc":{"start":{"line":10,"column":61},"end":{"line":46,"column":1}}},"2":{"name":"(anonymous_10)","decl":{"start":{"line":48,"column":21},"end":{"line":48,"column":28}},"loc":{"start":{"line":48,"column":78},"end":{"line":65,"column":2}}},"3":{"name":"(anonymous_11)","decl":{"start":{"line":48,"column":78},"end":{"line":48,"column":null}},"loc":{"start":{"line":48,"column":78},"end":{"line":65,"column":1}}},"4":{"name":"(anonymous_12)","decl":{"start":{"line":69,"column":2},"end":{"line":69,"column":9}},"loc":{"start":{"line":69,"column":59},"end":{"line":77,"column":null}}},"5":{"name":"(anonymous_13)","decl":{"start":{"line":69,"column":59},"end":{"line":69,"column":null}},"loc":{"start":{"line":69,"column":59},"end":{"line":77,"column":3}}},"6":{"name":"(anonymous_14)","decl":{"start":{"line":82,"column":2},"end":{"line":82,"column":9}},"loc":{"start":{"line":82,"column":59},"end":{"line":90,"column":null}}},"7":{"name":"(anonymous_15)","decl":{"start":{"line":82,"column":59},"end":{"line":82,"column":null}},"loc":{"start":{"line":82,"column":59},"end":{"line":90,"column":3}}}},"branchMap":{"0":{"loc":{"start":{"line":11,"column":2},"end":{"line":45,"column":null}},"type":"if","locations":[{"start":{"line":11,"column":2},"end":{"line":45,"column":null}},{"start":{"line":21,"column":9},"end":{"line":45,"column":null}}]},"1":{"loc":{"start":{"line":12,"column":4},"end":{"line":16,"column":41}},"type":"binary-expr","locations":[{"start":{"line":12,"column":4},"end":{"line":12,"column":41}},{"start":{"line":13,"column":4},"end":{"line":13,"column":40}},{"start":{"line":14,"column":4},"end":{"line":14,"column":37}},{"start":{"line":15,"column":4},"end":{"line":15,"column":40}},{"start":{"line":16,"column":4},"end":{"line":16,"column":41}}]},"2":{"loc":{"start":{"line":42,"column":14},"end":{"line":42,"column":55}},"type":"cond-expr","locations":[{"start":{"line":42,"column":41},"end":{"line":42,"column":45}},{"start":{"line":42,"column":48},"end":{"line":42,"column":55}}]},"3":{"loc":{"start":{"line":49,"column":2},"end":{"line":64,"column":null}},"type":"if","locations":[{"start":{"line":49,"column":2},"end":{"line":64,"column":null}},{"start":{"line":56,"column":9},"end":{"line":64,"column":null}}]},"4":{"loc":{"start":{"line":50,"column":4},"end":{"line":51,"column":40}},"type":"binary-expr","locations":[{"start":{"line":50,"column":4},"end":{"line":50,"column":37}},{"start":{"line":51,"column":4},"end":{"line":51,"column":40}}]},"5":{"loc":{"start":{"line":61,"column":14},"end":{"line":61,"column":55}},"type":"cond-expr","locations":[{"start":{"line":61,"column":41},"end":{"line":61,"column":45}},{"start":{"line":61,"column":48},"end":{"line":61,"column":55}}]},"6":{"loc":{"start":{"line":74,"column":14},"end":{"line":74,"column":55}},"type":"cond-expr","locations":[{"start":{"line":74,"column":41},"end":{"line":74,"column":45}},{"start":{"line":74,"column":48},"end":{"line":74,"column":55}}]},"7":{"loc":{"start":{"line":86,"column":14},"end":{"line":86,"column":52}},"type":"cond-expr","locations":[{"start":{"line":86,"column":38},"end":{"line":86,"column":45}},{"start":{"line":86,"column":48},"end":{"line":86,"column":52}}]},"8":{"loc":{"start":{"line":88,"column":8},"end":{"line":88,"column":74}},"type":"cond-expr","locations":[{"start":{"line":88,"column":32},"end":{"line":88,"column":54}},{"start":{"line":88,"column":57},"end":{"line":88,"column":74}}]}},"s":{"0":1,"1":1,"2":1,"3":1,"4":3,"5":3,"6":1,"7":2,"8":2,"9":2,"10":1,"11":3,"12":3,"13":0,"14":3,"15":3,"16":3,"17":1,"18":0,"19":0,"20":0,"21":0,"22":1,"23":0,"24":0,"25":0,"26":0,"27":1},"f":{"0":3,"1":3,"2":3,"3":3,"4":0,"5":0,"6":0,"7":0},"b":{"0":[1,2],"1":[3,3,2,2,2],"2":[1,1],"3":[0,3],"4":[3,3],"5":[1,2],"6":[0,0],"7":[0,0],"8":[0,0]}}
,"/Users/ore/Documents/Projects/devjobs-server/src/services/user.tsx": {"path":"/Users/ore/Documents/Projects/devjobs-server/src/services/user.tsx","statementMap":{"0":{"start":{"line":1,"column":0},"end":{"line":1,"column":33}},"1":{"start":{"line":2,"column":17},"end":{"line":2,"column":42}},"2":{"start":{"line":3,"column":17},"end":{"line":3,"column":36}},"3":{"start":{"line":5,"column":19},"end":{"line":40,"column":2}},"4":{"start":{"line":13,"column":4},"end":{"line":40,"column":2}},"5":{"start":{"line":14,"column":2},"end":{"line":39,"column":null}},"6":{"start":{"line":15,"column":4},"end":{"line":15,"column":35}},"7":{"start":{"line":17,"column":17},"end":{"line":17,"column":27}},"8":{"start":{"line":18,"column":17},"end":{"line":18,"column":55}},"9":{"start":{"line":20,"column":4},"end":{"line":20,"column":31}},"10":{"start":{"line":21,"column":4},"end":{"line":21,"column":29}},"11":{"start":{"line":22,"column":4},"end":{"line":22,"column":23}},"12":{"start":{"line":23,"column":4},"end":{"line":23,"column":31}},"13":{"start":{"line":24,"column":4},"end":{"line":24,"column":58}},"14":{"start":{"line":25,"column":4},"end":{"line":25,"column":55}},"15":{"start":{"line":27,"column":4},"end":{"line":27,"column":21}},"16":{"start":{"line":28,"column":4},"end":{"line":30,"column":23}},"17":{"start":{"line":32,"column":24},"end":{"line":32,"column":41}},"18":{"start":{"line":34,"column":4},"end":{"line":38,"column":null}},"19":{"start":{"line":35,"column":6},"end":{"line":35,"column":38}},"20":{"start":{"line":37,"column":6},"end":{"line":37,"column":25}},"21":{"start":{"line":42,"column":25},"end":{"line":56,"column":2}},"22":{"start":{"line":42,"column":67},"end":{"line":56,"column":2}},"23":{"start":{"line":43,"column":15},"end":{"line":43,"column":51}},"24":{"start":{"line":44,"column":2},"end":{"line":55,"column":null}},"25":{"start":{"line":45,"column":4},"end":{"line":45,"column":35}},"26":{"start":{"line":47,"column":4},"end":{"line":54,"column":null}},"27":{"start":{"line":51,"column":6},"end":{"line":51,"column":30}},"28":{"start":{"line":53,"column":6},"end":{"line":53,"column":18}},"29":{"start":{"line":58,"column":20},"end":{"line":63,"column":2}},"30":{"start":{"line":58,"column":38},"end":{"line":63,"column":2}},"31":{"start":{"line":59,"column":2},"end":{"line":59,"column":69}},"32":{"start":{"line":59,"column":44},"end":{"line":59,"column":69}},"33":{"start":{"line":60,"column":15},"end":{"line":60,"column":45}},"34":{"start":{"line":61,"column":2},"end":{"line":62,"column":19}},"35":{"start":{"line":61,"column":13},"end":{"line":61,"column":51}},"36":{"start":{"line":62,"column":7},"end":{"line":62,"column":19}},"37":{"start":{"line":65,"column":19},"end":{"line":70,"column":2}},"38":{"start":{"line":65,"column":37},"end":{"line":70,"column":2}},"39":{"start":{"line":66,"column":2},"end":{"line":66,"column":69}},"40":{"start":{"line":66,"column":44},"end":{"line":66,"column":69}},"41":{"start":{"line":68,"column":22},"end":{"line":68,"column":55}},"42":{"start":{"line":69,"column":2},"end":{"line":69,"column":34}},"43":{"start":{"line":72,"column":0},"end":{"line":72,"column":75}}},"fnMap":{"0":{"name":"(anonymous_13)","decl":{"start":{"line":5,"column":19},"end":{"line":5,"column":null}},"loc":{"start":{"line":13,"column":4},"end":{"line":40,"column":2}}},"1":{"name":"(anonymous_14)","decl":{"start":{"line":13,"column":4},"end":{"line":13,"column":null}},"loc":{"start":{"line":13,"column":4},"end":{"line":40,"column":1}}},"2":{"name":"(anonymous_15)","decl":{"start":{"line":42,"column":25},"end":{"line":42,"column":32}},"loc":{"start":{"line":42,"column":67},"end":{"line":56,"column":2}}},"3":{"name":"(anonymous_16)","decl":{"start":{"line":42,"column":67},"end":{"line":42,"column":null}},"loc":{"start":{"line":42,"column":67},"end":{"line":56,"column":1}}},"4":{"name":"(anonymous_17)","decl":{"start":{"line":58,"column":20},"end":{"line":58,"column":27}},"loc":{"start":{"line":58,"column":38},"end":{"line":63,"column":2}}},"5":{"name":"(anonymous_18)","decl":{"start":{"line":58,"column":38},"end":{"line":58,"column":null}},"loc":{"start":{"line":58,"column":38},"end":{"line":63,"column":1}}},"6":{"name":"(anonymous_19)","decl":{"start":{"line":65,"column":19},"end":{"line":65,"column":26}},"loc":{"start":{"line":65,"column":37},"end":{"line":70,"column":2}}},"7":{"name":"(anonymous_20)","decl":{"start":{"line":65,"column":37},"end":{"line":65,"column":null}},"loc":{"start":{"line":65,"column":37},"end":{"line":70,"column":1}}}},"branchMap":{"0":{"loc":{"start":{"line":14,"column":2},"end":{"line":39,"column":null}},"type":"if","locations":[{"start":{"line":14,"column":2},"end":{"line":39,"column":null}},{"start":{"line":16,"column":9},"end":{"line":39,"column":null}}]},"1":{"loc":{"start":{"line":24,"column":4},"end":{"line":24,"column":57}},"type":"cond-expr","locations":[{"start":{"line":24,"column":19},"end":{"line":24,"column":49}},{"start":{"line":24,"column":53},"end":{"line":24,"column":57}}]},"2":{"loc":{"start":{"line":25,"column":4},"end":{"line":25,"column":54}},"type":"cond-expr","locations":[{"start":{"line":25,"column":18},"end":{"line":25,"column":46}},{"start":{"line":25,"column":50},"end":{"line":25,"column":54}}]},"3":{"loc":{"start":{"line":34,"column":4},"end":{"line":38,"column":null}},"type":"if","locations":[{"start":{"line":34,"column":4},"end":{"line":38,"column":null}},{"start":{"line":36,"column":11},"end":{"line":38,"column":null}}]},"4":{"loc":{"start":{"line":44,"column":2},"end":{"line":55,"column":null}},"type":"if","locations":[{"start":{"line":44,"column":2},"end":{"line":55,"column":null}},{"start":{"line":46,"column":9},"end":{"line":55,"column":null}}]},"5":{"loc":{"start":{"line":47,"column":4},"end":{"line":54,"column":null}},"type":"if","locations":[{"start":{"line":47,"column":4},"end":{"line":54,"column":null}},{"start":{"line":52,"column":11},"end":{"line":54,"column":null}}]},"6":{"loc":{"start":{"line":59,"column":2},"end":{"line":59,"column":69}},"type":"if","locations":[{"start":{"line":59,"column":2},"end":{"line":59,"column":69}}]},"7":{"loc":{"start":{"line":61,"column":2},"end":{"line":62,"column":19}},"type":"if","locations":[{"start":{"line":61,"column":2},"end":{"line":62,"column":19}},{"start":{"line":62,"column":7},"end":{"line":62,"column":19}}]},"8":{"loc":{"start":{"line":66,"column":2},"end":{"line":66,"column":69}},"type":"if","locations":[{"start":{"line":66,"column":2},"end":{"line":66,"column":69}}]}},"s":{"0":1,"1":1,"2":1,"3":1,"4":2,"5":2,"6":1,"7":1,"8":1,"9":1,"10":1,"11":1,"12":1,"13":1,"14":1,"15":1,"16":1,"17":1,"18":1,"19":0,"20":1,"21":1,"22":3,"23":3,"24":3,"25":1,"26":2,"27":1,"28":1,"29":1,"30":0,"31":0,"32":0,"33":0,"34":0,"35":0,"36":0,"37":1,"38":0,"39":0,"40":0,"41":0,"42":0,"43":1},"f":{"0":2,"1":2,"2":3,"3":3,"4":0,"5":0,"6":0,"7":0},"b":{"0":[1,1],"1":[0,1],"2":[0,1],"3":[0,1],"4":[1,2],"5":[1,1],"6":[0],"7":[0,0],"8":[0]}}
}
