TN:
SF:__test__/config/database.js
FN:12,(anonymous_0)
FN:19,(anonymous_1)
FN:27,(anonymous_2)
FN:33,(anonymous_3)
FNF:4
FNH:3
FNDA:1,(anonymous_0)
FNDA:1,(anonymous_1)
FNDA:1,(anonymous_2)
FNDA:0,(anonymous_3)
DA:1,1
DA:2,1
DA:6,1
DA:12,1
DA:14,1
DA:16,1
DA:18,1
DA:19,1
DA:20,1
DA:21,0
DA:27,1
DA:28,1
DA:29,1
DA:33,1
DA:34,0
DA:36,0
DA:37,0
DA:41,1
LF:18
LH:14
BRDA:20,0,0,0
BRDA:20,0,1,1
BRF:2
BRH:1
end_of_record
TN:
SF:src/index.ts
FN:12,(anonymous_1)
FN:32,(anonymous_2)
FN:38,(anonymous_3)
FNF:3
FNH:1
FNDA:6,(anonymous_1)
FNDA:0,(anonymous_2)
FNDA:0,(anonymous_3)
DA:1,1
DA:2,1
DA:3,1
DA:4,1
DA:6,1
DA:7,1
DA:8,1
DA:9,1
DA:12,1
DA:13,6
DA:14,6
DA:18,6
DA:22,1
DA:23,1
DA:26,1
DA:27,1
DA:30,1
DA:31,1
DA:32,0
DA:33,0
DA:35,0
DA:37,0
DA:38,0
DA:39,0
DA:40,0
DA:42,0
DA:47,0
DA:50,1
LF:28
LH:19
BRDA:31,0,0,0
BRDA:37,1,0,0
BRDA:39,2,0,0
BRF:3
BRH:0
end_of_record
TN:
SF:src/models/user.tsx
FNF:0
FNH:0
DA:1,1
DA:2,1
DA:4,1
DA:18,1
DA:19,1
LF:5
LH:5
BRF:0
BRH:0
end_of_record
TN:
SF:src/routes/user.tsx
FN:10,(anonymous_8)
FN:10,(anonymous_9)
FN:48,(anonymous_10)
FN:48,(anonymous_11)
FN:69,(anonymous_12)
FN:69,(anonymous_13)
FN:82,(anonymous_14)
FN:82,(anonymous_15)
FNF:8
FNH:4
FNDA:3,(anonymous_8)
FNDA:3,(anonymous_9)
FNDA:3,(anonymous_10)
FNDA:3,(anonymous_11)
FNDA:0,(anonymous_12)
FNDA:0,(anonymous_13)
FNDA:0,(anonymous_14)
FNDA:0,(anonymous_15)
DA:1,1
DA:2,1
DA:8,1
DA:10,3
DA:11,3
DA:18,1
DA:30,2
DA:32,2
DA:41,2
DA:48,3
DA:49,3
DA:53,0
DA:57,3
DA:58,3
DA:60,3
DA:67,1
DA:69,0
DA:70,0
DA:72,0
DA:73,0
DA:80,1
DA:82,0
DA:83,0
DA:84,0
DA:85,0
DA:93,1
LF:26
LH:17
BRDA:11,0,0,1
BRDA:11,0,1,2
BRDA:12,1,0,3
BRDA:12,1,1,3
BRDA:12,1,2,2
BRDA:12,1,3,2
BRDA:12,1,4,2
BRDA:42,2,0,1
BRDA:42,2,1,1
BRDA:49,3,0,0
BRDA:49,3,1,3
BRDA:50,4,0,3
BRDA:50,4,1,3
BRDA:61,5,0,1
BRDA:61,5,1,2
BRDA:74,6,0,0
BRDA:74,6,1,0
BRDA:86,7,0,0
BRDA:86,7,1,0
BRDA:88,8,0,0
BRDA:88,8,1,0
BRF:21
BRH:14
end_of_record
TN:
SF:src/services/user.tsx
FN:5,(anonymous_13)
FN:13,(anonymous_14)
FN:42,(anonymous_15)
FN:42,(anonymous_16)
FN:58,(anonymous_17)
FN:58,(anonymous_18)
FN:65,(anonymous_19)
FN:65,(anonymous_20)
FNF:8
FNH:4
FNDA:2,(anonymous_13)
FNDA:2,(anonymous_14)
FNDA:3,(anonymous_15)
FNDA:3,(anonymous_16)
FNDA:0,(anonymous_17)
FNDA:0,(anonymous_18)
FNDA:0,(anonymous_19)
FNDA:0,(anonymous_20)
DA:1,1
DA:2,1
DA:3,1
DA:5,1
DA:13,2
DA:14,2
DA:15,1
DA:17,1
DA:18,1
DA:20,1
DA:21,1
DA:22,1
DA:23,1
DA:24,1
DA:25,1
DA:27,1
DA:28,1
DA:32,1
DA:34,1
DA:35,0
DA:37,1
DA:42,3
DA:43,3
DA:44,3
DA:45,1
DA:47,2
DA:51,1
DA:53,1
DA:58,1
DA:59,0
DA:60,0
DA:61,0
DA:62,0
DA:65,1
DA:66,0
DA:68,0
DA:69,0
DA:72,1
LF:38
LH:30
BRDA:14,0,0,1
BRDA:14,0,1,1
BRDA:24,1,0,0
BRDA:24,1,1,1
BRDA:25,2,0,0
BRDA:25,2,1,1
BRDA:34,3,0,0
BRDA:34,3,1,1
BRDA:44,4,0,1
BRDA:44,4,1,2
BRDA:47,5,0,1
BRDA:47,5,1,1
BRDA:59,6,0,0
BRDA:61,7,0,0
BRDA:61,7,1,0
BRDA:66,8,0,0
BRF:16
BRH:9
end_of_record
