TN:
SF:__test__/config/database.js
FN:12,(anonymous_0)
FN:19,(anonymous_1)
FN:27,(anonymous_2)
FN:33,(anonymous_3)
FNF:4
FNH:3
FNDA:2,(anonymous_0)
FNDA:2,(anonymous_1)
FNDA:2,(anonymous_2)
FNDA:0,(anonymous_3)
DA:1,2
DA:2,2
DA:6,2
DA:12,2
DA:14,2
DA:16,2
DA:18,2
DA:19,2
DA:20,2
DA:21,0
DA:27,2
DA:28,2
DA:29,2
DA:33,2
DA:34,0
DA:36,0
DA:37,0
DA:41,2
LF:18
LH:14
BRDA:20,0,0,0
BRDA:20,0,1,2
BRF:2
BRH:1
end_of_record
TN:
SF:src/index.ts
FN:17,(anonymous_1)
FN:37,(anonymous_2)
FN:43,(anonymous_3)
FNF:3
FNH:1
FNDA:8,(anonymous_1)
FNDA:0,(anonymous_2)
FNDA:0,(anonymous_3)
DA:1,2
DA:2,2
DA:3,2
DA:4,2
DA:6,2
DA:7,2
DA:8,2
DA:10,2
DA:11,2
DA:12,2
DA:13,2
DA:15,2
DA:17,2
DA:18,8
DA:19,8
DA:23,8
DA:27,2
DA:28,2
DA:31,2
DA:32,2
DA:35,2
DA:36,2
DA:37,0
DA:38,0
DA:40,0
DA:42,0
DA:43,0
DA:44,0
DA:45,0
DA:50,0
DA:53,2
LF:31
LH:23
BRDA:36,0,0,0
BRDA:42,1,0,0
BRDA:44,2,0,0
BRDA:44,2,1,0
BRF:4
BRH:0
end_of_record
TN:
SF:src/models/job.ts
FNF:0
FNH:0
DA:2,2
DA:3,2
DA:5,2
DA:21,2
DA:23,2
LF:5
LH:5
BRF:0
BRH:0
end_of_record
TN:
SF:src/models/user.ts
FNF:0
FNH:0
DA:1,2
DA:2,2
DA:4,2
DA:18,2
DA:19,2
LF:5
LH:5
BRF:0
BRH:0
end_of_record
TN:
SF:src/routes/job.ts
FN:12,(anonymous_8)
FN:12,(anonymous_9)
FN:64,(anonymous_10)
FN:64,(anonymous_11)
FN:75,(anonymous_12)
FN:75,(anonymous_13)
FN:82,(anonymous_14)
FN:82,(anonymous_15)
FN:95,(anonymous_16)
FN:95,(anonymous_17)
FNF:10
FNH:2
FNDA:2,(anonymous_8)
FNDA:2,(anonymous_9)
FNDA:0,(anonymous_10)
FNDA:0,(anonymous_11)
FNDA:0,(anonymous_12)
FNDA:0,(anonymous_13)
FNDA:0,(anonymous_14)
FNDA:0,(anonymous_15)
FNDA:0,(anonymous_16)
FNDA:0,(anonymous_17)
DA:1,2
DA:8,2
DA:10,2
DA:12,2
DA:13,2
DA:25,1
DA:40,1
DA:42,1
DA:55,1
DA:62,2
DA:64,0
DA:65,0
DA:67,0
DA:68,0
DA:75,2
DA:76,0
DA:77,0
DA:80,2
DA:82,0
DA:83,0
DA:85,0
DA:86,0
DA:93,2
DA:95,0
DA:96,0
DA:97,0
DA:99,0
DA:106,2
LF:28
LH:14
BRDA:13,0,0,1
BRDA:13,0,1,1
BRDA:14,1,0,2
BRDA:14,1,1,2
BRDA:14,1,2,1
BRDA:14,1,3,1
BRDA:14,1,4,1
BRDA:14,1,5,1
BRDA:14,1,6,1
BRDA:14,1,7,1
BRDA:14,1,8,1
BRDA:14,1,9,1
BRDA:56,2,0,1
BRDA:56,2,1,0
BRDA:69,3,0,0
BRDA:69,3,1,0
BRDA:87,4,0,0
BRDA:87,4,1,0
BRDA:100,5,0,0
BRDA:100,5,1,0
BRDA:101,6,0,0
BRDA:101,6,1,0
BRF:22
BRH:13
end_of_record
TN:
SF:src/routes/user.ts
FN:10,(anonymous_8)
FN:10,(anonymous_9)
FN:48,(anonymous_10)
FN:48,(anonymous_11)
FN:69,(anonymous_12)
FN:69,(anonymous_13)
FN:82,(anonymous_14)
FN:82,(anonymous_15)
FNF:8
FNH:4
FNDA:3,(anonymous_8)
FNDA:3,(anonymous_9)
FNDA:3,(anonymous_10)
FNDA:3,(anonymous_11)
FNDA:0,(anonymous_12)
FNDA:0,(anonymous_13)
FNDA:0,(anonymous_14)
FNDA:0,(anonymous_15)
DA:1,2
DA:2,2
DA:8,2
DA:10,3
DA:11,3
DA:18,1
DA:30,2
DA:32,2
DA:41,2
DA:48,3
DA:49,3
DA:53,0
DA:57,3
DA:58,3
DA:60,3
DA:67,2
DA:69,0
DA:70,0
DA:72,0
DA:73,0
DA:80,2
DA:82,0
DA:83,0
DA:84,0
DA:85,0
DA:93,2
LF:26
LH:17
BRDA:11,0,0,1
BRDA:11,0,1,2
BRDA:12,1,0,3
BRDA:12,1,1,3
BRDA:12,1,2,2
BRDA:12,1,3,2
BRDA:12,1,4,2
BRDA:42,2,0,1
BRDA:42,2,1,1
BRDA:49,3,0,0
BRDA:49,3,1,3
BRDA:50,4,0,3
BRDA:50,4,1,3
BRDA:61,5,0,1
BRDA:61,5,1,2
BRDA:74,6,0,0
BRDA:74,6,1,0
BRDA:86,7,0,0
BRDA:86,7,1,0
BRDA:88,8,0,0
BRDA:88,8,1,0
BRF:21
BRH:14
end_of_record
TN:
SF:src/services/job.ts
FN:5,(anonymous_7)
FN:16,(anonymous_8)
FN:38,(anonymous_9)
FN:38,(anonymous_10)
FN:46,(anonymous_11)
FN:46,(anonymous_12)
FN:51,(anonymous_13)
FN:51,(anonymous_14)
FN:62,(anonymous_15)
FN:62,(anonymous_16)
FNF:10
FNH:2
FNDA:1,(anonymous_7)
FNDA:1,(anonymous_8)
FNDA:0,(anonymous_9)
FNDA:0,(anonymous_10)
FNDA:0,(anonymous_11)
FNDA:0,(anonymous_12)
FNDA:0,(anonymous_13)
FNDA:0,(anonymous_14)
FNDA:0,(anonymous_15)
FNDA:0,(anonymous_16)
DA:2,2
DA:3,2
DA:5,2
DA:16,1
DA:17,1
DA:18,1
DA:19,1
DA:20,1
DA:21,1
DA:22,1
DA:23,1
DA:24,1
DA:25,1
DA:26,1
DA:27,1
DA:29,1
DA:31,1
DA:32,0
DA:34,1
DA:38,2
DA:39,0
DA:41,0
DA:42,0
DA:43,0
DA:46,2
DA:47,0
DA:48,0
DA:51,2
DA:52,0
DA:54,0
DA:58,0
DA:59,0
DA:62,2
DA:63,0
DA:65,0
DA:66,0
DA:69,2
LF:37
LH:23
BRDA:31,0,0,0
BRDA:31,0,1,1
BRDA:39,1,0,0
BRDA:42,2,0,0
BRDA:42,2,1,0
BRDA:52,3,0,0
BRDA:58,4,0,0
BRDA:58,4,1,0
BRDA:63,5,0,0
BRF:9
BRH:1
end_of_record
TN:
SF:src/services/user.ts
FN:5,(anonymous_13)
FN:13,(anonymous_14)
FN:42,(anonymous_15)
FN:42,(anonymous_16)
FN:58,(anonymous_17)
FN:58,(anonymous_18)
FN:66,(anonymous_19)
FN:66,(anonymous_20)
FNF:8
FNH:4
FNDA:2,(anonymous_13)
FNDA:2,(anonymous_14)
FNDA:3,(anonymous_15)
FNDA:3,(anonymous_16)
FNDA:0,(anonymous_17)
FNDA:0,(anonymous_18)
FNDA:0,(anonymous_19)
FNDA:0,(anonymous_20)
DA:1,2
DA:2,2
DA:3,2
DA:5,2
DA:13,2
DA:14,2
DA:15,1
DA:17,1
DA:18,1
DA:20,1
DA:21,1
DA:22,1
DA:23,1
DA:24,1
DA:25,1
DA:27,1
DA:28,1
DA:32,1
DA:34,1
DA:35,0
DA:37,1
DA:42,3
DA:43,3
DA:44,3
DA:45,1
DA:47,2
DA:51,1
DA:53,1
DA:58,2
DA:59,0
DA:61,0
DA:62,0
DA:63,0
DA:66,2
DA:67,0
DA:69,0
DA:70,0
DA:73,2
LF:38
LH:30
BRDA:14,0,0,1
BRDA:14,0,1,1
BRDA:24,1,0,0
BRDA:24,1,1,1
BRDA:25,2,0,0
BRDA:25,2,1,1
BRDA:34,3,0,0
BRDA:34,3,1,1
BRDA:44,4,0,1
BRDA:44,4,1,2
BRDA:47,5,0,1
BRDA:47,5,1,1
BRDA:59,6,0,0
BRDA:62,7,0,0
BRDA:62,7,1,0
BRDA:67,8,0,0
BRF:16
BRH:9
end_of_record
